{"uuid":"ccf76bf9-5ff3-41e2-b32d-ee8df0ffc168","historyId":"21076311d746813be4a0a4d7ab50327c","testCaseId":"2978c0d9a70d6900736ad2f1c633cb82","fullName":"src/test/resources/uitestingfeaturefiles/Coach.feature:11","labels":[{"name":"tag","value":"FinishWorkout"},{"name":"host","value":"EPINHYDW0BB7"},{"name":"thread","value":"13972@EPINHYDW0BB7.main(1)"},{"name":"feature","value":"Coach functionalities"},{"name":"story","value":"Coach logs in, views scheduled workouts list"},{"name":"suite","value":"Coach functionalities"},{"name":"testClass","value":"Coach logs in, views scheduled workouts list"},{"name":"framework","value":"cucumber4jvm"},{"name":"language","value":"java"},{"name":"gherkin_uri","value":"file:///C:/Users/sruthi_s/IdeaProjects/GYMManagementProject/src/test/resources/uitestingfeaturefiles/Coach.feature"},{"name":"package","value":"src.test.resources.uitestingfeaturefiles.Coach_feature.Coach functionalities"}],"links":[],"name":"Coach logs in, views scheduled workouts list","status":"broken","statusDetails":{"known":false,"muted":false,"flaky":false,"message":"Expected condition failed: waiting for visibility of element located by By.xpath: //button[text()='Finish Workout'] (tried for 40 second(s) with 500 milliseconds interval)\nBuild info: version: '4.24.0', revision: '748ffc9bc3'\nSystem info: os.name: 'Windows 11', os.arch: 'amd64', os.version: '10.0', java.version: '17.0.12'\nDriver info: org.openqa.selenium.chrome.ChromeDriver\nCapabilities {acceptInsecureCerts: false, browserName: chrome, browserVersion: 129.0.6668.90, chrome: {chromedriverVersion: 129.0.6668.100 (cf58cba358d..., userDataDir: C:\\Users\\sruthi_s\\AppData\\L...}, fedcm:accounts: true, goog:chromeOptions: {debuggerAddress: localhost:54308}, networkConnectionEnabled: false, pageLoadStrategy: normal, platformName: windows, proxy: Proxy(), se:cdp: ws://localhost:54308/devtoo..., se:cdpVersion: 129.0.6668.90, setWindowRect: true, strictFileInteractability: false, timeouts: {implicit: 0, pageLoad: 300000, script: 30000}, unhandledPromptBehavior: dismiss and notify, webauthn:extension:credBlob: true, webauthn:extension:largeBlob: true, webauthn:extension:minPinLength: true, webauthn:extension:prf: true, webauthn:virtualAuthenticators: true}\nSession ID: 86d9899b7acd8e87c1af0969ff42b23a","trace":"org.openqa.selenium.TimeoutException: Expected condition failed: waiting for visibility of element located by By.xpath: //button[text()='Finish Workout'] (tried for 40 second(s) with 500 milliseconds interval)\nBuild info: version: '4.24.0', revision: '748ffc9bc3'\nSystem info: os.name: 'Windows 11', os.arch: 'amd64', os.version: '10.0', java.version: '17.0.12'\nDriver info: org.openqa.selenium.chrome.ChromeDriver\nCapabilities {acceptInsecureCerts: false, browserName: chrome, browserVersion: 129.0.6668.90, chrome: {chromedriverVersion: 129.0.6668.100 (cf58cba358d..., userDataDir: C:\\Users\\sruthi_s\\AppData\\L...}, fedcm:accounts: true, goog:chromeOptions: {debuggerAddress: localhost:54308}, networkConnectionEnabled: false, pageLoadStrategy: normal, platformName: windows, proxy: Proxy(), se:cdp: ws://localhost:54308/devtoo..., se:cdpVersion: 129.0.6668.90, setWindowRect: true, strictFileInteractability: false, timeouts: {implicit: 0, pageLoad: 300000, script: 30000}, unhandledPromptBehavior: dismiss and notify, webauthn:extension:credBlob: true, webauthn:extension:largeBlob: true, webauthn:extension:minPinLength: true, webauthn:extension:prf: true, webauthn:virtualAuthenticators: true}\nSession ID: 86d9899b7acd8e87c1af0969ff42b23a\r\n\tat org.openqa.selenium.support.ui.WebDriverWait.timeoutException(WebDriverWait.java:84)\r\n\tat org.openqa.selenium.support.ui.FluentWait.until(FluentWait.java:228)\r\n\tat pages.Coach.finishWorkout(Coach.java:28)\r\n\tat uitesting.stepdefinationclasses.CoachRoleSteps.iClickOnTheFinishWorkoutButton(CoachRoleSteps.java:90)\r\n\tat ✽.I click on the finish workout button(file:///C:/Users/sruthi_s/IdeaProjects/GYMManagementProject/src/test/resources/uitestingfeaturefiles/Coach.feature:13)\r\n"},"stage":"finished","steps":[{"name":"Given Coach opened the Gym Management Application","status":"passed","statusDetails":{"known":false,"muted":false,"flaky":false},"stage":"finished","steps":[],"attachments":[],"parameters":[],"start":1728993815812,"stop":1728993815945},{"name":"When Coach collect the email and password from config3 properties file","status":"passed","statusDetails":{"known":false,"muted":false,"flaky":false},"stage":"finished","steps":[],"attachments":[],"parameters":[],"start":1728993815945,"stop":1728993816195},{"name":"And Coach should click Login button","status":"passed","statusDetails":{"known":false,"muted":false,"flaky":false},"stage":"finished","steps":[],"attachments":[],"parameters":[],"start":1728993816195,"stop":1728993816273},{"name":"Then Coach should get a success message \"Successfully Logged in\"","status":"passed","statusDetails":{"known":false,"muted":false,"flaky":false},"stage":"finished","steps":[],"attachments":[],"parameters":[],"start":1728993816273,"stop":1728993818502},{"name":"Then redirected to the workouts list page","status":"passed","statusDetails":{"known":false,"muted":false,"flaky":false},"stage":"finished","steps":[],"attachments":[],"parameters":[],"start":1728993818502,"stop":1728993819649},{"name":"Then I should see the list of scheduled workouts with details such as Workout Name, Date and short summary","status":"passed","statusDetails":{"known":false,"muted":false,"flaky":false},"stage":"finished","steps":[],"attachments":[],"parameters":[],"start":1728993819649,"stop":1728993819678},{"name":"And I click on the finish workout button","status":"broken","statusDetails":{"known":false,"muted":false,"flaky":false,"message":"Expected condition failed: waiting for visibility of element located by By.xpath: //button[text()='Finish Workout'] (tried for 40 second(s) with 500 milliseconds interval)\nBuild info: version: '4.24.0', revision: '748ffc9bc3'\nSystem info: os.name: 'Windows 11', os.arch: 'amd64', os.version: '10.0', java.version: '17.0.12'\nDriver info: org.openqa.selenium.chrome.ChromeDriver\nCapabilities {acceptInsecureCerts: false, browserName: chrome, browserVersion: 129.0.6668.90, chrome: {chromedriverVersion: 129.0.6668.100 (cf58cba358d..., userDataDir: C:\\Users\\sruthi_s\\AppData\\L...}, fedcm:accounts: true, goog:chromeOptions: {debuggerAddress: localhost:54308}, networkConnectionEnabled: false, pageLoadStrategy: normal, platformName: windows, proxy: Proxy(), se:cdp: ws://localhost:54308/devtoo..., se:cdpVersion: 129.0.6668.90, setWindowRect: true, strictFileInteractability: false, timeouts: {implicit: 0, pageLoad: 300000, script: 30000}, unhandledPromptBehavior: dismiss and notify, webauthn:extension:credBlob: true, webauthn:extension:largeBlob: true, webauthn:extension:minPinLength: true, webauthn:extension:prf: true, webauthn:virtualAuthenticators: true}\nSession ID: 86d9899b7acd8e87c1af0969ff42b23a","trace":"org.openqa.selenium.TimeoutException: Expected condition failed: waiting for visibility of element located by By.xpath: //button[text()='Finish Workout'] (tried for 40 second(s) with 500 milliseconds interval)\nBuild info: version: '4.24.0', revision: '748ffc9bc3'\nSystem info: os.name: 'Windows 11', os.arch: 'amd64', os.version: '10.0', java.version: '17.0.12'\nDriver info: org.openqa.selenium.chrome.ChromeDriver\nCapabilities {acceptInsecureCerts: false, browserName: chrome, browserVersion: 129.0.6668.90, chrome: {chromedriverVersion: 129.0.6668.100 (cf58cba358d..., userDataDir: C:\\Users\\sruthi_s\\AppData\\L...}, fedcm:accounts: true, goog:chromeOptions: {debuggerAddress: localhost:54308}, networkConnectionEnabled: false, pageLoadStrategy: normal, platformName: windows, proxy: Proxy(), se:cdp: ws://localhost:54308/devtoo..., se:cdpVersion: 129.0.6668.90, setWindowRect: true, strictFileInteractability: false, timeouts: {implicit: 0, pageLoad: 300000, script: 30000}, unhandledPromptBehavior: dismiss and notify, webauthn:extension:credBlob: true, webauthn:extension:largeBlob: true, webauthn:extension:minPinLength: true, webauthn:extension:prf: true, webauthn:virtualAuthenticators: true}\nSession ID: 86d9899b7acd8e87c1af0969ff42b23a\r\n\tat org.openqa.selenium.support.ui.WebDriverWait.timeoutException(WebDriverWait.java:84)\r\n\tat org.openqa.selenium.support.ui.FluentWait.until(FluentWait.java:228)\r\n\tat pages.Coach.finishWorkout(Coach.java:28)\r\n\tat uitesting.stepdefinationclasses.CoachRoleSteps.iClickOnTheFinishWorkoutButton(CoachRoleSteps.java:90)\r\n\tat ✽.I click on the finish workout button(file:///C:/Users/sruthi_s/IdeaProjects/GYMManagementProject/src/test/resources/uitestingfeaturefiles/Coach.feature:13)\r\n"},"stage":"finished","steps":[],"attachments":[],"parameters":[],"start":1728993819678,"stop":1728993860245},{"name":"Then I should see Leave feedback button and Click on it","status":"skipped","statusDetails":{"known":false,"muted":false,"flaky":false},"stage":"finished","steps":[],"attachments":[],"parameters":[],"start":1728993860246,"stop":1728993860248},{"name":"And I should see feedback form and fill the feedback form","status":"skipped","statusDetails":{"known":false,"muted":false,"flaky":false},"stage":"finished","steps":[],"attachments":[],"parameters":[],"start":1728993860248,"stop":1728993860248},{"name":"Then I click on submit button and I should see finished message","status":"skipped","statusDetails":{"known":false,"muted":false,"flaky":false},"stage":"finished","steps":[],"attachments":[],"parameters":[],"start":1728993860248,"stop":1728993860248}],"attachments":[],"parameters":[],"start":1728993806421,"stop":1728993860261}