{"uuid":"d079ac7d-8e29-4126-915a-6f6538b069ba","historyId":"21076311d746813be4a0a4d7ab50327c","testCaseId":"2978c0d9a70d6900736ad2f1c633cb82","fullName":"src/test/resources/uitestingfeaturefiles/Coach.feature:11","labels":[{"name":"tag","value":"FinishWorkout"},{"name":"host","value":"EPINHYDW0BB7"},{"name":"thread","value":"19100@EPINHYDW0BB7.main(1)"},{"name":"feature","value":"Coach functionalities"},{"name":"story","value":"Coach logs in, views scheduled workouts list"},{"name":"suite","value":"Coach functionalities"},{"name":"testClass","value":"Coach logs in, views scheduled workouts list"},{"name":"framework","value":"cucumber4jvm"},{"name":"language","value":"java"},{"name":"gherkin_uri","value":"file:///C:/Users/sruthi_s/IdeaProjects/GYMManagementProject/src/test/resources/uitestingfeaturefiles/Coach.feature"},{"name":"package","value":"src.test.resources.uitestingfeaturefiles.Coach_feature.Coach functionalities"}],"links":[],"name":"Coach logs in, views scheduled workouts list","status":"broken","statusDetails":{"known":false,"muted":false,"flaky":false,"message":"Compound class names not permitted\nFor documentation on this error, please visit: https://www.selenium.dev/documentation/webdriver/troubleshooting/errors#invalid-selector-exception\nBuild info: version: '4.24.0', revision: '748ffc9bc3'\nSystem info: os.name: 'Windows 11', os.arch: 'amd64', os.version: '10.0', java.version: '17.0.12'\nDriver info: driver.version: unknown","trace":"org.openqa.selenium.InvalidSelectorException: Compound class names not permitted\nFor documentation on this error, please visit: https://www.selenium.dev/documentation/webdriver/troubleshooting/errors#invalid-selector-exception\nBuild info: version: '4.24.0', revision: '748ffc9bc3'\nSystem info: os.name: 'Windows 11', os.arch: 'amd64', os.version: '10.0', java.version: '17.0.12'\nDriver info: driver.version: unknown\r\n\tat org.openqa.selenium.By$ByClassName.<init>(By.java:309)\r\n\tat org.openqa.selenium.By.className(By.java:100)\r\n\tat pages.Coach.listOfWorkouts(Coach.java:21)\r\n\tat uitesting.stepdefinationclasses.CoachRoleSteps.iShouldSeeTheListOfScheduledWorkoutsWithDetailsSuchAsWorkoutNameDateAndShortSummary(CoachRoleSteps.java:69)\r\n\tat ✽.I should see the list of scheduled workouts with details such as Workout Name, Date and short summary(file:///C:/Users/sruthi_s/IdeaProjects/GYMManagementProject/src/test/resources/uitestingfeaturefiles/Coach.feature:12)\r\n"},"stage":"finished","steps":[{"name":"Given Coach opened the Gym Management Application","status":"passed","statusDetails":{"known":false,"muted":false,"flaky":false},"stage":"finished","steps":[],"attachments":[],"parameters":[],"start":1728985570707,"stop":1728985570852},{"name":"When Coach collect the email and password from config3 properties file","status":"passed","statusDetails":{"known":false,"muted":false,"flaky":false},"stage":"finished","steps":[],"attachments":[],"parameters":[],"start":1728985570852,"stop":1728985571386},{"name":"And Coach should click Login button","status":"passed","statusDetails":{"known":false,"muted":false,"flaky":false},"stage":"finished","steps":[],"attachments":[],"parameters":[],"start":1728985571386,"stop":1728985571573},{"name":"Then Coach should get a success message \"Successfully Logged in\"","status":"passed","statusDetails":{"known":false,"muted":false,"flaky":false},"stage":"finished","steps":[],"attachments":[],"parameters":[],"start":1728985571575,"stop":1728985573783},{"name":"Then redirected to the workouts list page","status":"passed","statusDetails":{"known":false,"muted":false,"flaky":false},"stage":"finished","steps":[],"attachments":[],"parameters":[],"start":1728985573783,"stop":1728985574985},{"name":"Then I should see the list of scheduled workouts with details such as Workout Name, Date and short summary","status":"broken","statusDetails":{"known":false,"muted":false,"flaky":false,"message":"Compound class names not permitted\nFor documentation on this error, please visit: https://www.selenium.dev/documentation/webdriver/troubleshooting/errors#invalid-selector-exception\nBuild info: version: '4.24.0', revision: '748ffc9bc3'\nSystem info: os.name: 'Windows 11', os.arch: 'amd64', os.version: '10.0', java.version: '17.0.12'\nDriver info: driver.version: unknown","trace":"org.openqa.selenium.InvalidSelectorException: Compound class names not permitted\nFor documentation on this error, please visit: https://www.selenium.dev/documentation/webdriver/troubleshooting/errors#invalid-selector-exception\nBuild info: version: '4.24.0', revision: '748ffc9bc3'\nSystem info: os.name: 'Windows 11', os.arch: 'amd64', os.version: '10.0', java.version: '17.0.12'\nDriver info: driver.version: unknown\r\n\tat org.openqa.selenium.By$ByClassName.<init>(By.java:309)\r\n\tat org.openqa.selenium.By.className(By.java:100)\r\n\tat pages.Coach.listOfWorkouts(Coach.java:21)\r\n\tat uitesting.stepdefinationclasses.CoachRoleSteps.iShouldSeeTheListOfScheduledWorkoutsWithDetailsSuchAsWorkoutNameDateAndShortSummary(CoachRoleSteps.java:69)\r\n\tat ✽.I should see the list of scheduled workouts with details such as Workout Name, Date and short summary(file:///C:/Users/sruthi_s/IdeaProjects/GYMManagementProject/src/test/resources/uitestingfeaturefiles/Coach.feature:12)\r\n"},"stage":"finished","steps":[],"attachments":[],"parameters":[],"start":1728985574985,"stop":1728985575007},{"name":"And I click on the finish workout button","status":"skipped","statusDetails":{"known":false,"muted":false,"flaky":false},"stage":"finished","steps":[],"attachments":[],"parameters":[],"start":1728985575007,"stop":1728985575017},{"name":"Then I should see Leave feedback button and Click on it","status":"skipped","statusDetails":{"known":false,"muted":false,"flaky":false},"stage":"finished","steps":[],"attachments":[],"parameters":[],"start":1728985575017,"stop":1728985575018},{"name":"And I should see feedback form and fill the feedback form","status":"skipped","statusDetails":{"known":false,"muted":false,"flaky":false},"stage":"finished","steps":[],"attachments":[],"parameters":[],"start":1728985575018,"stop":1728985575019},{"name":"Then I click on submit button and I should see finished message","status":"skipped","statusDetails":{"known":false,"muted":false,"flaky":false},"stage":"finished","steps":[],"attachments":[],"parameters":[],"start":1728985575019,"stop":1728985575020}],"attachments":[],"parameters":[],"start":1728985562072,"stop":1728985575057}